{"D:\\reAssesment\\controller\\shipping.Controller.js": {"path":"D:\\reAssesment\\controller\\shipping.Controller.js","statementMap":{"0":{"start":{"line":1,"column":13},"end":{"line":1,"column":40}},"1":{"start":{"line":2,"column":19},"end":{"line":2,"column":47}},"2":{"start":{"line":3,"column":22},"end":{"line":3,"column":60}},"3":{"start":{"line":4,"column":24},"end":{"line":4,"column":63}},"4":{"start":{"line":5,"column":21},"end":{"line":5,"column":62}},"5":{"start":{"line":14,"column":34},"end":{"line":19,"column":1}},"6":{"start":{"line":15,"column":13},"end":{"line":15,"column":44}},"7":{"start":{"line":16,"column":19},"end":{"line":16,"column":76}},"8":{"start":{"line":17,"column":4},"end":{"line":17,"column":29}},"9":{"start":{"line":17,"column":12},"end":{"line":17,"column":29}},"10":{"start":{"line":18,"column":4},"end":{"line":18,"column":38}},"11":{"start":{"line":18,"column":13},"end":{"line":18,"column":38}},"12":{"start":{"line":29,"column":26},"end":{"line":34,"column":1}},"13":{"start":{"line":30,"column":13},"end":{"line":30,"column":48}},"14":{"start":{"line":31,"column":19},"end":{"line":31,"column":69}},"15":{"start":{"line":32,"column":4},"end":{"line":32,"column":29}},"16":{"start":{"line":32,"column":12},"end":{"line":32,"column":29}},"17":{"start":{"line":33,"column":4},"end":{"line":33,"column":38}},"18":{"start":{"line":33,"column":13},"end":{"line":33,"column":38}},"19":{"start":{"line":44,"column":29},"end":{"line":49,"column":1}},"20":{"start":{"line":45,"column":13},"end":{"line":45,"column":46}},"21":{"start":{"line":46,"column":19},"end":{"line":46,"column":72}},"22":{"start":{"line":47,"column":4},"end":{"line":47,"column":29}},"23":{"start":{"line":47,"column":12},"end":{"line":47,"column":29}},"24":{"start":{"line":48,"column":4},"end":{"line":48,"column":38}},"25":{"start":{"line":48,"column":13},"end":{"line":48,"column":38}},"26":{"start":{"line":59,"column":27},"end":{"line":64,"column":1}},"27":{"start":{"line":60,"column":13},"end":{"line":60,"column":44}},"28":{"start":{"line":61,"column":19},"end":{"line":61,"column":70}},"29":{"start":{"line":62,"column":4},"end":{"line":62,"column":29}},"30":{"start":{"line":62,"column":12},"end":{"line":62,"column":29}},"31":{"start":{"line":63,"column":4},"end":{"line":63,"column":38}},"32":{"start":{"line":63,"column":13},"end":{"line":63,"column":38}},"33":{"start":{"line":74,"column":25},"end":{"line":79,"column":1}},"34":{"start":{"line":75,"column":13},"end":{"line":75,"column":44}},"35":{"start":{"line":76,"column":19},"end":{"line":76,"column":68}},"36":{"start":{"line":77,"column":4},"end":{"line":77,"column":29}},"37":{"start":{"line":77,"column":12},"end":{"line":77,"column":29}},"38":{"start":{"line":78,"column":4},"end":{"line":78,"column":38}},"39":{"start":{"line":78,"column":13},"end":{"line":78,"column":38}},"40":{"start":{"line":81,"column":0},"end":{"line":81,"column":116}},"41":{"start":{"line":82,"column":0},"end":{"line":82,"column":116}},"42":{"start":{"line":83,"column":0},"end":{"line":83,"column":106}},"43":{"start":{"line":84,"column":0},"end":{"line":84,"column":106}},"44":{"start":{"line":85,"column":0},"end":{"line":85,"column":44}},"45":{"start":{"line":87,"column":0},"end":{"line":87,"column":128}}},"fnMap":{"0":{"name":"(anonymous_0)","decl":{"start":{"line":14,"column":34},"end":{"line":14,"column":35}},"loc":{"start":{"line":14,"column":57},"end":{"line":19,"column":1}},"line":14},"1":{"name":"(anonymous_1)","decl":{"start":{"line":29,"column":26},"end":{"line":29,"column":27}},"loc":{"start":{"line":29,"column":49},"end":{"line":34,"column":1}},"line":29},"2":{"name":"(anonymous_2)","decl":{"start":{"line":44,"column":29},"end":{"line":44,"column":30}},"loc":{"start":{"line":44,"column":52},"end":{"line":49,"column":1}},"line":44},"3":{"name":"(anonymous_3)","decl":{"start":{"line":59,"column":27},"end":{"line":59,"column":28}},"loc":{"start":{"line":59,"column":50},"end":{"line":64,"column":1}},"line":59},"4":{"name":"(anonymous_4)","decl":{"start":{"line":74,"column":25},"end":{"line":74,"column":26}},"loc":{"start":{"line":74,"column":48},"end":{"line":79,"column":1}},"line":74}},"branchMap":{"0":{"loc":{"start":{"line":15,"column":13},"end":{"line":15,"column":44}},"type":"cond-expr","locations":[{"start":{"line":15,"column":31},"end":{"line":15,"column":39}},{"start":{"line":15,"column":40},"end":{"line":15,"column":44}}],"line":15},"1":{"loc":{"start":{"line":15,"column":13},"end":{"line":15,"column":28}},"type":"binary-expr","locations":[{"start":{"line":15,"column":13},"end":{"line":15,"column":16}},{"start":{"line":15,"column":20},"end":{"line":15,"column":28}}],"line":15},"2":{"loc":{"start":{"line":17,"column":4},"end":{"line":17,"column":29}},"type":"if","locations":[{"start":{"line":17,"column":4},"end":{"line":17,"column":29}},{"start":{},"end":{}}],"line":17},"3":{"loc":{"start":{"line":18,"column":4},"end":{"line":18,"column":38}},"type":"if","locations":[{"start":{"line":18,"column":4},"end":{"line":18,"column":38}},{"start":{},"end":{}}],"line":18},"4":{"loc":{"start":{"line":30,"column":13},"end":{"line":30,"column":48}},"type":"cond-expr","locations":[{"start":{"line":30,"column":33},"end":{"line":30,"column":43}},{"start":{"line":30,"column":44},"end":{"line":30,"column":48}}],"line":30},"5":{"loc":{"start":{"line":30,"column":13},"end":{"line":30,"column":30}},"type":"binary-expr","locations":[{"start":{"line":30,"column":13},"end":{"line":30,"column":16}},{"start":{"line":30,"column":20},"end":{"line":30,"column":30}}],"line":30},"6":{"loc":{"start":{"line":32,"column":4},"end":{"line":32,"column":29}},"type":"if","locations":[{"start":{"line":32,"column":4},"end":{"line":32,"column":29}},{"start":{},"end":{}}],"line":32},"7":{"loc":{"start":{"line":33,"column":4},"end":{"line":33,"column":38}},"type":"if","locations":[{"start":{"line":33,"column":4},"end":{"line":33,"column":38}},{"start":{},"end":{}}],"line":33},"8":{"loc":{"start":{"line":45,"column":13},"end":{"line":45,"column":46}},"type":"cond-expr","locations":[{"start":{"line":45,"column":31},"end":{"line":45,"column":41}},{"start":{"line":45,"column":42},"end":{"line":45,"column":46}}],"line":45},"9":{"loc":{"start":{"line":45,"column":13},"end":{"line":45,"column":28}},"type":"binary-expr","locations":[{"start":{"line":45,"column":13},"end":{"line":45,"column":16}},{"start":{"line":45,"column":20},"end":{"line":45,"column":28}}],"line":45},"10":{"loc":{"start":{"line":47,"column":4},"end":{"line":47,"column":29}},"type":"if","locations":[{"start":{"line":47,"column":4},"end":{"line":47,"column":29}},{"start":{},"end":{}}],"line":47},"11":{"loc":{"start":{"line":48,"column":4},"end":{"line":48,"column":38}},"type":"if","locations":[{"start":{"line":48,"column":4},"end":{"line":48,"column":38}},{"start":{},"end":{}}],"line":48},"12":{"loc":{"start":{"line":60,"column":13},"end":{"line":60,"column":44}},"type":"cond-expr","locations":[{"start":{"line":60,"column":31},"end":{"line":60,"column":39}},{"start":{"line":60,"column":40},"end":{"line":60,"column":44}}],"line":60},"13":{"loc":{"start":{"line":60,"column":13},"end":{"line":60,"column":28}},"type":"binary-expr","locations":[{"start":{"line":60,"column":13},"end":{"line":60,"column":16}},{"start":{"line":60,"column":20},"end":{"line":60,"column":28}}],"line":60},"14":{"loc":{"start":{"line":62,"column":4},"end":{"line":62,"column":29}},"type":"if","locations":[{"start":{"line":62,"column":4},"end":{"line":62,"column":29}},{"start":{},"end":{}}],"line":62},"15":{"loc":{"start":{"line":63,"column":4},"end":{"line":63,"column":38}},"type":"if","locations":[{"start":{"line":63,"column":4},"end":{"line":63,"column":38}},{"start":{},"end":{}}],"line":63},"16":{"loc":{"start":{"line":75,"column":13},"end":{"line":75,"column":44}},"type":"cond-expr","locations":[{"start":{"line":75,"column":31},"end":{"line":75,"column":39}},{"start":{"line":75,"column":40},"end":{"line":75,"column":44}}],"line":75},"17":{"loc":{"start":{"line":75,"column":13},"end":{"line":75,"column":28}},"type":"binary-expr","locations":[{"start":{"line":75,"column":13},"end":{"line":75,"column":16}},{"start":{"line":75,"column":20},"end":{"line":75,"column":28}}],"line":75},"18":{"loc":{"start":{"line":77,"column":4},"end":{"line":77,"column":29}},"type":"if","locations":[{"start":{"line":77,"column":4},"end":{"line":77,"column":29}},{"start":{},"end":{}}],"line":77},"19":{"loc":{"start":{"line":78,"column":4},"end":{"line":78,"column":38}},"type":"if","locations":[{"start":{"line":78,"column":4},"end":{"line":78,"column":38}},{"start":{},"end":{}}],"line":78}},"s":{"0":1,"1":1,"2":1,"3":1,"4":1,"5":1,"6":4,"7":4,"8":4,"9":4,"10":4,"11":0,"12":1,"13":5,"14":5,"15":5,"16":4,"17":5,"18":1,"19":1,"20":3,"21":3,"22":3,"23":2,"24":3,"25":1,"26":1,"27":3,"28":3,"29":3,"30":2,"31":3,"32":1,"33":1,"34":4,"35":4,"36":4,"37":4,"38":4,"39":0,"40":1,"41":1,"42":1,"43":1,"44":1,"45":1},"f":{"0":4,"1":5,"2":3,"3":3,"4":4},"b":{"0":[1,3],"1":[4,4],"2":[4,0],"3":[0,4],"4":[4,1],"5":[5,5],"6":[4,1],"7":[1,4],"8":[3,0],"9":[3,3],"10":[2,1],"11":[1,2],"12":[3,0],"13":[3,3],"14":[2,1],"15":[1,2],"16":[2,2],"17":[4,4],"18":[4,0],"19":[0,4]},"_coverageSchema":"1a1c01bbd47fc00a2c39e90264f33305004495a9","hash":"07ff11df43dfa90083b734472517d1ccebf9410a"}
,"D:\\reAssesment\\services\\shipping.Sevice.js": {"path":"D:\\reAssesment\\services\\shipping.Sevice.js","statementMap":{"0":{"start":{"line":1,"column":15},"end":{"line":1,"column":44}},"1":{"start":{"line":2,"column":21},"end":{"line":2,"column":56}},"2":{"start":{"line":3,"column":14},"end":{"line":3,"column":42}},"3":{"start":{"line":15,"column":33},"end":{"line":36,"column":1}},"4":{"start":{"line":16,"column":18},"end":{"line":18,"column":7}},"5":{"start":{"line":19,"column":4},"end":{"line":19,"column":35}},"6":{"start":{"line":19,"column":12},"end":{"line":19,"column":35}},"7":{"start":{"line":20,"column":4},"end":{"line":35,"column":5}},"8":{"start":{"line":21,"column":8},"end":{"line":21,"column":33}},"9":{"start":{"line":22,"column":8},"end":{"line":22,"column":40}},"10":{"start":{"line":26,"column":24},"end":{"line":26,"column":55}},"11":{"start":{"line":27,"column":8},"end":{"line":27,"column":41}},"12":{"start":{"line":27,"column":17},"end":{"line":27,"column":41}},"13":{"start":{"line":28,"column":8},"end":{"line":32,"column":5}},"14":{"start":{"line":29,"column":25},"end":{"line":29,"column":62}},"15":{"start":{"line":30,"column":8},"end":{"line":30,"column":40}},"16":{"start":{"line":30,"column":17},"end":{"line":30,"column":40}},"17":{"start":{"line":31,"column":8},"end":{"line":31,"column":28}},"18":{"start":{"line":49,"column":25},"end":{"line":58,"column":1}},"19":{"start":{"line":50,"column":19},"end":{"line":55,"column":7}},"20":{"start":{"line":56,"column":4},"end":{"line":56,"column":35}},"21":{"start":{"line":56,"column":12},"end":{"line":56,"column":35}},"22":{"start":{"line":57,"column":4},"end":{"line":57,"column":16}},"23":{"start":{"line":70,"column":28},"end":{"line":77,"column":5}},"24":{"start":{"line":71,"column":19},"end":{"line":74,"column":8}},"25":{"start":{"line":75,"column":4},"end":{"line":75,"column":35}},"26":{"start":{"line":75,"column":12},"end":{"line":75,"column":35}},"27":{"start":{"line":76,"column":9},"end":{"line":76,"column":20}},"28":{"start":{"line":91,"column":26},"end":{"line":109,"column":1}},"29":{"start":{"line":94,"column":19},"end":{"line":98,"column":7}},"30":{"start":{"line":99,"column":4},"end":{"line":99,"column":35}},"31":{"start":{"line":99,"column":12},"end":{"line":99,"column":35}},"32":{"start":{"line":101,"column":24},"end":{"line":105,"column":11}},"33":{"start":{"line":106,"column":8},"end":{"line":106,"column":41}},"34":{"start":{"line":106,"column":17},"end":{"line":106,"column":41}},"35":{"start":{"line":107,"column":8},"end":{"line":107,"column":27}},"36":{"start":{"line":122,"column":25},"end":{"line":218,"column":1}},"37":{"start":{"line":123,"column":12},"end":{"line":123,"column":14}},"38":{"start":{"line":125,"column":4},"end":{"line":131,"column":12}},"39":{"start":{"line":132,"column":8},"end":{"line":217,"column":5}},"40":{"start":{"line":132,"column":16},"end":{"line":132,"column":39}},"41":{"start":{"line":134,"column":12},"end":{"line":134,"column":41}},"42":{"start":{"line":163,"column":25},"end":{"line":163,"column":56}},"43":{"start":{"line":164,"column":8},"end":{"line":164,"column":33}},"44":{"start":{"line":165,"column":19},"end":{"line":165,"column":54}},"45":{"start":{"line":166,"column":16},"end":{"line":166,"column":49}},"46":{"start":{"line":168,"column":18},"end":{"line":168,"column":40}},"47":{"start":{"line":170,"column":8},"end":{"line":170,"column":66}},"48":{"start":{"line":171,"column":8},"end":{"line":171,"column":26}},"49":{"start":{"line":173,"column":8},"end":{"line":215,"column":9}},"50":{"start":{"line":174,"column":12},"end":{"line":190,"column":13}},"51":{"start":{"line":175,"column":16},"end":{"line":186,"column":17}},"52":{"start":{"line":176,"column":32},"end":{"line":176,"column":69}},"53":{"start":{"line":177,"column":20},"end":{"line":180,"column":21}},"54":{"start":{"line":178,"column":24},"end":{"line":178,"column":45}},"55":{"start":{"line":179,"column":24},"end":{"line":179,"column":35}},"56":{"start":{"line":181,"column":20},"end":{"line":185,"column":21}},"57":{"start":{"line":182,"column":40},"end":{"line":182,"column":66}},"58":{"start":{"line":183,"column":24},"end":{"line":183,"column":54}},"59":{"start":{"line":184,"column":24},"end":{"line":184,"column":35}},"60":{"start":{"line":189,"column":16},"end":{"line":189,"column":67}},"61":{"start":{"line":192,"column":13},"end":{"line":215,"column":9}},"62":{"start":{"line":193,"column":23},"end":{"line":193,"column":45}},"63":{"start":{"line":194,"column":12},"end":{"line":214,"column":13}},"64":{"start":{"line":196,"column":16},"end":{"line":210,"column":17}},"65":{"start":{"line":198,"column":32},"end":{"line":198,"column":69}},"66":{"start":{"line":199,"column":20},"end":{"line":203,"column":21}},"67":{"start":{"line":200,"column":24},"end":{"line":200,"column":45}},"68":{"start":{"line":201,"column":24},"end":{"line":201,"column":40}},"69":{"start":{"line":202,"column":24},"end":{"line":202,"column":35}},"70":{"start":{"line":204,"column":20},"end":{"line":209,"column":21}},"71":{"start":{"line":205,"column":40},"end":{"line":205,"column":70}},"72":{"start":{"line":206,"column":24},"end":{"line":206,"column":54}},"73":{"start":{"line":207,"column":24},"end":{"line":207,"column":41}},"74":{"start":{"line":208,"column":24},"end":{"line":208,"column":35}},"75":{"start":{"line":213,"column":16},"end":{"line":213,"column":67}},"76":{"start":{"line":220,"column":0},"end":{"line":220,"column":121}}},"fnMap":{"0":{"name":"(anonymous_0)","decl":{"start":{"line":15,"column":33},"end":{"line":15,"column":34}},"loc":{"start":{"line":15,"column":53},"end":{"line":36,"column":1}},"line":15},"1":{"name":"(anonymous_1)","decl":{"start":{"line":49,"column":25},"end":{"line":49,"column":26}},"loc":{"start":{"line":49,"column":45},"end":{"line":58,"column":1}},"line":49},"2":{"name":"(anonymous_2)","decl":{"start":{"line":70,"column":28},"end":{"line":70,"column":29}},"loc":{"start":{"line":70,"column":48},"end":{"line":77,"column":5}},"line":70},"3":{"name":"(anonymous_3)","decl":{"start":{"line":91,"column":26},"end":{"line":91,"column":27}},"loc":{"start":{"line":91,"column":46},"end":{"line":109,"column":1}},"line":91},"4":{"name":"(anonymous_4)","decl":{"start":{"line":122,"column":25},"end":{"line":122,"column":26}},"loc":{"start":{"line":122,"column":45},"end":{"line":218,"column":1}},"line":122}},"branchMap":{"0":{"loc":{"start":{"line":19,"column":4},"end":{"line":19,"column":35}},"type":"if","locations":[{"start":{"line":19,"column":4},"end":{"line":19,"column":35}},{"start":{},"end":{}}],"line":19},"1":{"loc":{"start":{"line":20,"column":4},"end":{"line":35,"column":5}},"type":"if","locations":[{"start":{"line":20,"column":4},"end":{"line":35,"column":5}},{"start":{"line":25,"column":8},"end":{"line":35,"column":5}}],"line":20},"2":{"loc":{"start":{"line":27,"column":8},"end":{"line":27,"column":41}},"type":"if","locations":[{"start":{"line":27,"column":8},"end":{"line":27,"column":41}},{"start":{},"end":{}}],"line":27},"3":{"loc":{"start":{"line":28,"column":8},"end":{"line":32,"column":5}},"type":"if","locations":[{"start":{"line":28,"column":8},"end":{"line":32,"column":5}},{"start":{},"end":{}}],"line":28},"4":{"loc":{"start":{"line":30,"column":8},"end":{"line":30,"column":40}},"type":"if","locations":[{"start":{"line":30,"column":8},"end":{"line":30,"column":40}},{"start":{},"end":{}}],"line":30},"5":{"loc":{"start":{"line":56,"column":4},"end":{"line":56,"column":35}},"type":"if","locations":[{"start":{"line":56,"column":4},"end":{"line":56,"column":35}},{"start":{},"end":{}}],"line":56},"6":{"loc":{"start":{"line":75,"column":4},"end":{"line":75,"column":35}},"type":"if","locations":[{"start":{"line":75,"column":4},"end":{"line":75,"column":35}},{"start":{},"end":{}}],"line":75},"7":{"loc":{"start":{"line":99,"column":4},"end":{"line":99,"column":35}},"type":"if","locations":[{"start":{"line":99,"column":4},"end":{"line":99,"column":35}},{"start":{},"end":{}}],"line":99},"8":{"loc":{"start":{"line":106,"column":8},"end":{"line":106,"column":41}},"type":"if","locations":[{"start":{"line":106,"column":8},"end":{"line":106,"column":41}},{"start":{},"end":{}}],"line":106},"9":{"loc":{"start":{"line":132,"column":8},"end":{"line":217,"column":5}},"type":"if","locations":[{"start":{"line":132,"column":8},"end":{"line":217,"column":5}},{"start":{"line":133,"column":12},"end":{"line":217,"column":5}}],"line":132},"10":{"loc":{"start":{"line":173,"column":8},"end":{"line":215,"column":9}},"type":"if","locations":[{"start":{"line":173,"column":8},"end":{"line":215,"column":9}},{"start":{"line":192,"column":13},"end":{"line":215,"column":9}}],"line":173},"11":{"loc":{"start":{"line":174,"column":12},"end":{"line":190,"column":13}},"type":"if","locations":[{"start":{"line":174,"column":12},"end":{"line":190,"column":13}},{"start":{"line":188,"column":16},"end":{"line":190,"column":13}}],"line":174},"12":{"loc":{"start":{"line":175,"column":16},"end":{"line":186,"column":17}},"type":"if","locations":[{"start":{"line":175,"column":16},"end":{"line":186,"column":17}},{"start":{},"end":{}}],"line":175},"13":{"loc":{"start":{"line":175,"column":19},"end":{"line":175,"column":61}},"type":"binary-expr","locations":[{"start":{"line":175,"column":19},"end":{"line":175,"column":39}},{"start":{"line":175,"column":43},"end":{"line":175,"column":61}}],"line":175},"14":{"loc":{"start":{"line":177,"column":20},"end":{"line":180,"column":21}},"type":"if","locations":[{"start":{"line":177,"column":20},"end":{"line":180,"column":21}},{"start":{},"end":{}}],"line":177},"15":{"loc":{"start":{"line":181,"column":20},"end":{"line":185,"column":21}},"type":"if","locations":[{"start":{"line":181,"column":20},"end":{"line":185,"column":21}},{"start":{},"end":{}}],"line":181},"16":{"loc":{"start":{"line":192,"column":13},"end":{"line":215,"column":9}},"type":"if","locations":[{"start":{"line":192,"column":13},"end":{"line":215,"column":9}},{"start":{},"end":{}}],"line":192},"17":{"loc":{"start":{"line":194,"column":12},"end":{"line":214,"column":13}},"type":"if","locations":[{"start":{"line":194,"column":12},"end":{"line":214,"column":13}},{"start":{"line":212,"column":16},"end":{"line":214,"column":13}}],"line":194},"18":{"loc":{"start":{"line":196,"column":16},"end":{"line":210,"column":17}},"type":"if","locations":[{"start":{"line":196,"column":16},"end":{"line":210,"column":17}},{"start":{},"end":{}}],"line":196},"19":{"loc":{"start":{"line":196,"column":19},"end":{"line":196,"column":45}},"type":"binary-expr","locations":[{"start":{"line":196,"column":19},"end":{"line":196,"column":31}},{"start":{"line":196,"column":35},"end":{"line":196,"column":45}}],"line":196},"20":{"loc":{"start":{"line":199,"column":20},"end":{"line":203,"column":21}},"type":"if","locations":[{"start":{"line":199,"column":20},"end":{"line":203,"column":21}},{"start":{},"end":{}}],"line":199},"21":{"loc":{"start":{"line":204,"column":20},"end":{"line":209,"column":21}},"type":"if","locations":[{"start":{"line":204,"column":20},"end":{"line":209,"column":21}},{"start":{},"end":{}}],"line":204}},"s":{"0":1,"1":1,"2":1,"3":1,"4":4,"5":1,"6":1,"7":0,"8":0,"9":0,"10":0,"11":0,"12":0,"13":0,"14":0,"15":0,"16":0,"17":0,"18":1,"19":5,"20":2,"21":1,"22":1,"23":1,"24":3,"25":2,"26":1,"27":1,"28":1,"29":3,"30":3,"31":1,"32":2,"33":2,"34":1,"35":1,"36":1,"37":4,"38":4,"39":2,"40":1,"41":1,"42":1,"43":0,"44":0,"45":0,"46":0,"47":0,"48":0,"49":0,"50":0,"51":0,"52":0,"53":0,"54":0,"55":0,"56":0,"57":0,"58":0,"59":0,"60":0,"61":0,"62":0,"63":0,"64":0,"65":0,"66":0,"67":0,"68":0,"69":0,"70":0,"71":0,"72":0,"73":0,"74":0,"75":0,"76":1},"f":{"0":4,"1":5,"2":3,"3":3,"4":4},"b":{"0":[1,0],"1":[0,0],"2":[0,0],"3":[0,0],"4":[0,0],"5":[1,1],"6":[1,1],"7":[1,2],"8":[1,1],"9":[1,1],"10":[0,0],"11":[0,0],"12":[0,0],"13":[0,0],"14":[0,0],"15":[0,0],"16":[0,0],"17":[0,0],"18":[0,0],"19":[0,0],"20":[0,0],"21":[0,0]},"_coverageSchema":"1a1c01bbd47fc00a2c39e90264f33305004495a9","hash":"316eafd1ec377f6335b1c6ce3cb52b8721dbf790"}
}
