TN:
SF:controller\shipping.Controller.js
FN:14,(anonymous_0)
FN:29,(anonymous_1)
FN:44,(anonymous_2)
FN:59,(anonymous_3)
FN:74,(anonymous_4)
FNF:5
FNH:5
FNDA:4,(anonymous_0)
FNDA:5,(anonymous_1)
FNDA:3,(anonymous_2)
FNDA:3,(anonymous_3)
FNDA:4,(anonymous_4)
DA:1,1
DA:2,1
DA:3,1
DA:4,1
DA:5,1
DA:14,1
DA:15,4
DA:16,4
DA:17,4
DA:18,4
DA:29,1
DA:30,5
DA:31,5
DA:32,5
DA:33,5
DA:44,1
DA:45,3
DA:46,3
DA:47,3
DA:48,3
DA:59,1
DA:60,3
DA:61,3
DA:62,3
DA:63,3
DA:74,1
DA:75,4
DA:76,4
DA:77,4
DA:78,4
DA:81,1
DA:82,1
DA:83,1
DA:84,1
DA:85,1
DA:87,1
LF:36
LH:36
BRDA:15,0,0,1
BRDA:15,0,1,3
BRDA:15,1,0,4
BRDA:15,1,1,4
BRDA:17,2,0,4
BRDA:17,2,1,0
BRDA:18,3,0,0
BRDA:18,3,1,4
BRDA:30,4,0,4
BRDA:30,4,1,1
BRDA:30,5,0,5
BRDA:30,5,1,5
BRDA:32,6,0,4
BRDA:32,6,1,1
BRDA:33,7,0,1
BRDA:33,7,1,4
BRDA:45,8,0,3
BRDA:45,8,1,0
BRDA:45,9,0,3
BRDA:45,9,1,3
BRDA:47,10,0,2
BRDA:47,10,1,1
BRDA:48,11,0,1
BRDA:48,11,1,2
BRDA:60,12,0,3
BRDA:60,12,1,0
BRDA:60,13,0,3
BRDA:60,13,1,3
BRDA:62,14,0,2
BRDA:62,14,1,1
BRDA:63,15,0,1
BRDA:63,15,1,2
BRDA:75,16,0,2
BRDA:75,16,1,2
BRDA:75,17,0,4
BRDA:75,17,1,4
BRDA:77,18,0,4
BRDA:77,18,1,0
BRDA:78,19,0,0
BRDA:78,19,1,4
BRF:40
BRH:34
end_of_record
TN:
SF:services\shipping.Sevice.js
FN:15,(anonymous_0)
FN:49,(anonymous_1)
FN:70,(anonymous_2)
FN:91,(anonymous_3)
FN:122,(anonymous_4)
FNF:5
FNH:5
FNDA:4,(anonymous_0)
FNDA:5,(anonymous_1)
FNDA:3,(anonymous_2)
FNDA:3,(anonymous_3)
FNDA:4,(anonymous_4)
DA:1,1
DA:2,1
DA:3,1
DA:15,1
DA:16,4
DA:19,1
DA:20,0
DA:21,0
DA:22,0
DA:26,0
DA:27,0
DA:28,0
DA:29,0
DA:30,0
DA:31,0
DA:49,1
DA:50,5
DA:56,2
DA:57,1
DA:70,1
DA:71,3
DA:75,2
DA:76,1
DA:91,1
DA:94,3
DA:99,3
DA:101,2
DA:106,2
DA:107,1
DA:122,1
DA:123,4
DA:125,4
DA:132,2
DA:134,1
DA:163,1
DA:164,0
DA:165,0
DA:166,0
DA:168,0
DA:170,0
DA:171,0
DA:173,0
DA:174,0
DA:175,0
DA:176,0
DA:177,0
DA:178,0
DA:179,0
DA:181,0
DA:182,0
DA:183,0
DA:184,0
DA:189,0
DA:192,0
DA:193,0
DA:194,0
DA:196,0
DA:198,0
DA:199,0
DA:200,0
DA:201,0
DA:202,0
DA:204,0
DA:205,0
DA:206,0
DA:207,0
DA:208,0
DA:213,0
DA:220,1
LF:69
LH:27
BRDA:19,0,0,1
BRDA:19,0,1,0
BRDA:20,1,0,0
BRDA:20,1,1,0
BRDA:27,2,0,0
BRDA:27,2,1,0
BRDA:28,3,0,0
BRDA:28,3,1,0
BRDA:30,4,0,0
BRDA:30,4,1,0
BRDA:56,5,0,1
BRDA:56,5,1,1
BRDA:75,6,0,1
BRDA:75,6,1,1
BRDA:99,7,0,1
BRDA:99,7,1,2
BRDA:106,8,0,1
BRDA:106,8,1,1
BRDA:132,9,0,1
BRDA:132,9,1,1
BRDA:173,10,0,0
BRDA:173,10,1,0
BRDA:174,11,0,0
BRDA:174,11,1,0
BRDA:175,12,0,0
BRDA:175,12,1,0
BRDA:175,13,0,0
BRDA:175,13,1,0
BRDA:177,14,0,0
BRDA:177,14,1,0
BRDA:181,15,0,0
BRDA:181,15,1,0
BRDA:192,16,0,0
BRDA:192,16,1,0
BRDA:194,17,0,0
BRDA:194,17,1,0
BRDA:196,18,0,0
BRDA:196,18,1,0
BRDA:196,19,0,0
BRDA:196,19,1,0
BRDA:199,20,0,0
BRDA:199,20,1,0
BRDA:204,21,0,0
BRDA:204,21,1,0
BRF:44
BRH:11
end_of_record
